<?xml version="1.0" encoding="UTF-8"?>
<testsuite xmlns:xsi="http://www.w3.org/2001/XMLSchema-instance" xsi:noNamespaceSchemaLocation="https://maven.apache.org/surefire/maven-surefire-plugin/xsd/surefire-test-report-3.0.xsd" version="3.0" name="pl.polsl.mostowska.integrationwebapp.model.LinearFunctionTest" time="0.3" tests="9" errors="0" skipped="0" failures="0">
  <properties>
[...]
</properties>
  <testcase name="testEvaluateWithValidInputs(double, double, double, double)[1]" classname="pl.polsl.mostowska.integrationwebapp.model.LinearFunctionTest" time="0.084"/>
  <testcase name="testEvaluateWithValidInputs(double, double, double, double)[2]" classname="pl.polsl.mostowska.integrationwebapp.model.LinearFunctionTest" time="0.006"/>
  <testcase name="testEvaluateWithValidInputs(double, double, double, double)[3]" classname="pl.polsl.mostowska.integrationwebapp.model.LinearFunctionTest" time="0.011"/>
  <testcase name="testInvalidInputs(double, double, double)[1]" classname="pl.polsl.mostowska.integrationwebapp.model.LinearFunctionTest" time="0.009"/>
  <testcase name="testInvalidInputs(double, double, double)[2]" classname="pl.polsl.mostowska.integrationwebapp.model.LinearFunctionTest" time="0.003"/>
  <testcase name="testInvalidInputs(double, double, double)[3]" classname="pl.polsl.mostowska.integrationwebapp.model.LinearFunctionTest" time="0.006"/>
  <testcase name="testEdgeCases(double, double, double, double)[1]" classname="pl.polsl.mostowska.integrationwebapp.model.LinearFunctionTest" time="0.003"/>
  <testcase name="testEdgeCases(double, double, double, double)[2]" classname="pl.polsl.mostowska.integrationwebapp.model.LinearFunctionTest" time="0.004"/>
  <testcase name="testEdgeCases(double, double, double, double)[3]" classname="pl.polsl.mostowska.integrationwebapp.model.LinearFunctionTest" time="0.003"/>
</testsuite>